<?xml version="1.0" encoding="UTF-8"?>
<!-- Generated by org.testng.reporters.JUnitReportReporter -->
<testsuite hostname="Tester_poeko" failures="0" tests="5" name="Test_Method.AmazonTest" time="18.328" errors="0" timestamp="2022-02-15T09:38:20 IST" skipped="0">
  <testcase classname="Test_Method.AmazonTest" name="email" time="3.041"/>
  <system-out/>
  <testcase classname="Test_Method.AmazonTest" name="password" time="0.249"/>
  <system-out/>
  <testcase classname="Test_Method.AmazonTest" name="HomePageOperation1" time="6.726"/>
  <system-out/>
  <testcase classname="Test_Method.AmazonTest" name="HomePageOperation2" time="0.450"/>
  <system-out/>
  <testcase classname="Test_Method.AmazonTest" name="addToCartOperation" time="7.862"/>
  <system-out/>
</testsuite> <!-- Test_Method.AmazonTest -->
