<?xml version="1.0" encoding="UTF-8"?>
<!-- Generated by org.testng.reporters.JUnitReportReporter -->
<testsuite hostname="Tester_poeko" failures="0" tests="1" name="MyPkg.AmazonBuy" time="14.764" errors="0" timestamp="2022-02-09T13:34:50 IST" skipped="0">
  <testcase classname="MyPkg.AmazonBuy" name="addToCart" time="14.764"/>
  <system-out/>
</testsuite> <!-- MyPkg.AmazonBuy -->
